2018/04/11 11:36:34 [error] [exception.CHttpException.404] CHttpException: The requested view "index" was not found. in /var/www/html/estimote/vendor/square1-io/yii-framework/web/actions/CViewAction.php:112
Stack trace:
#0 /var/www/html/estimote/vendor/square1-io/yii-framework/web/actions/CViewAction.php(123): CViewAction->resolveView('index')
#1 /var/www/html/estimote/vendor/square1-io/yii-framework/web/actions/CAction.php(76): CViewAction->run()
#2 /var/www/html/estimote/vendor/square1-io/yii-framework/web/CController.php(308): CAction->runWithParams(Array)
#3 /var/www/html/estimote/vendor/square1-io/yii-framework/web/CController.php(286): CController->runAction(Object(CViewAction))
#4 /var/www/html/estimote/vendor/square1-io/yii-framework/web/CController.php(265): CController->runActionWithFilters(Object(CViewAction), Array)
#5 /var/www/html/estimote/vendor/square1-io/yii-framework/web/CWebApplication.php(282): CController->run('page')
#6 /var/www/html/estimote/vendor/square1-io/yii-framework/web/CWebApplication.php(141): CWebApplication->runController('site/page')
#7 /var/www/html/estimote/vendor/square1-io/yii-framework/base/CApplication.php(180): CWebApplication->processRequest()
#8 /var/www/html/estimote/index.php(13): CApplication->run()
#9 {main}
REQUEST_URI=/estimote/index.php/site/page
---
2018/04/11 14:49:05 [error] [exception.CHttpException.404] CHttpException: Unable to resolve the request "images/file_example_OOG_1MG.ogg". in /var/www/html/estimote/vendor/square1-io/yii-framework/web/CWebApplication.php:286
Stack trace:
#0 /var/www/html/estimote/vendor/square1-io/yii-framework/web/CWebApplication.php(141): CWebApplication->runController('images/file_exa...')
#1 /var/www/html/estimote/vendor/square1-io/yii-framework/base/CApplication.php(180): CWebApplication->processRequest()
#2 /var/www/html/estimote/index.php(13): CApplication->run()
#3 {main}
REQUEST_URI=/estimote/index.php/images/file_example_OOG_1MG.ogg
HTTP_REFERER=http://192.168.0.7/estimote/index.php/site/index
---
2018/04/11 14:49:14 [error] [exception.CHttpException.404] CHttpException: Unable to resolve the request "images/file_example_OOG_1MG.ogg". in /var/www/html/estimote/vendor/square1-io/yii-framework/web/CWebApplication.php:286
Stack trace:
#0 /var/www/html/estimote/vendor/square1-io/yii-framework/web/CWebApplication.php(141): CWebApplication->runController('images/file_exa...')
#1 /var/www/html/estimote/vendor/square1-io/yii-framework/base/CApplication.php(180): CWebApplication->processRequest()
#2 /var/www/html/estimote/index.php(13): CApplication->run()
#3 {main}
REQUEST_URI=/estimote/index.php/images/file_example_OOG_1MG.ogg
HTTP_REFERER=http://192.168.0.7/estimote/index.php/site/index
---
2018/04/11 14:49:31 [error] [exception.CHttpException.404] CHttpException: Unable to resolve the request "imagess/file_example_OOG_1MG.ogg". in /var/www/html/estimote/vendor/square1-io/yii-framework/web/CWebApplication.php:286
Stack trace:
#0 /var/www/html/estimote/vendor/square1-io/yii-framework/web/CWebApplication.php(141): CWebApplication->runController('imagess/file_ex...')
#1 /var/www/html/estimote/vendor/square1-io/yii-framework/base/CApplication.php(180): CWebApplication->processRequest()
#2 /var/www/html/estimote/index.php(13): CApplication->run()
#3 {main}
REQUEST_URI=/estimote/index.php/imagess/file_example_OOG_1MG.ogg
HTTP_REFERER=http://192.168.0.7/estimote/index.php/site/index
---
2018/04/11 14:50:23 [error] [exception.CHttpException.404] CHttpException: Unable to resolve the request "imagess/file_example_OOG_1MG.ogg". in /var/www/html/estimote/vendor/square1-io/yii-framework/web/CWebApplication.php:286
Stack trace:
#0 /var/www/html/estimote/vendor/square1-io/yii-framework/web/CWebApplication.php(141): CWebApplication->runController('imagess/file_ex...')
#1 /var/www/html/estimote/vendor/square1-io/yii-framework/base/CApplication.php(180): CWebApplication->processRequest()
#2 /var/www/html/estimote/index.php(13): CApplication->run()
#3 {main}
REQUEST_URI=/estimote/index.php/imagess/file_example_OOG_1MG.ogg
HTTP_REFERER=http://192.168.0.7/estimote/index.php/site/index
---
2018/04/11 14:58:14 [error] [exception.CHttpException.404] CHttpException: Unable to resolve the request "imagess/file_example_OOG_1MG.ogg". in /var/www/html/estimote/vendor/square1-io/yii-framework/web/CWebApplication.php:286
Stack trace:
#0 /var/www/html/estimote/vendor/square1-io/yii-framework/web/CWebApplication.php(141): CWebApplication->runController('imagess/file_ex...')
#1 /var/www/html/estimote/vendor/square1-io/yii-framework/base/CApplication.php(180): CWebApplication->processRequest()
#2 /var/www/html/estimote/index.php(13): CApplication->run()
#3 {main}
REQUEST_URI=/estimote/index.php/imagess/file_example_OOG_1MG.ogg
HTTP_REFERER=http://192.168.0.7/estimote/index.php/site/index
---
2018/04/11 15:21:33 [error] [exception.CHttpException.404] CHttpException: Unable to resolve the request "images/file_example_OOG_1MG.ogg". in /var/www/html/estimote/vendor/square1-io/yii-framework/web/CWebApplication.php:286
Stack trace:
#0 /var/www/html/estimote/vendor/square1-io/yii-framework/web/CWebApplication.php(141): CWebApplication->runController('images/file_exa...')
#1 /var/www/html/estimote/vendor/square1-io/yii-framework/base/CApplication.php(180): CWebApplication->processRequest()
#2 /var/www/html/estimote/index.php(13): CApplication->run()
#3 {main}
REQUEST_URI=/estimote/index.php/images/file_example_OOG_1MG.ogg
HTTP_REFERER=http://192.168.0.7/estimote/index.php/site/index
---
2018/04/11 15:22:07 [error] [exception.CHttpException.404] CHttpException: Unable to resolve the request "images/file_example_OOG_1MG.ogg". in /var/www/html/estimote/vendor/square1-io/yii-framework/web/CWebApplication.php:286
Stack trace:
#0 /var/www/html/estimote/vendor/square1-io/yii-framework/web/CWebApplication.php(141): CWebApplication->runController('images/file_exa...')
#1 /var/www/html/estimote/vendor/square1-io/yii-framework/base/CApplication.php(180): CWebApplication->processRequest()
#2 /var/www/html/estimote/index.php(13): CApplication->run()
#3 {main}
REQUEST_URI=/estimote/index.php/images/file_example_OOG_1MG.ogg
---
2018/04/11 15:23:20 [error] [exception.CHttpException.404] CHttpException: Unable to resolve the request "images/file_example_OOG_1MG.ogg". in /var/www/html/estimote/vendor/square1-io/yii-framework/web/CWebApplication.php:286
Stack trace:
#0 /var/www/html/estimote/vendor/square1-io/yii-framework/web/CWebApplication.php(141): CWebApplication->runController('images/file_exa...')
#1 /var/www/html/estimote/vendor/square1-io/yii-framework/base/CApplication.php(180): CWebApplication->processRequest()
#2 /var/www/html/estimote/index.php(13): CApplication->run()
#3 {main}
REQUEST_URI=/estimote/index.php/images/file_example_OOG_1MG.ogg
---
2018/04/11 15:23:47 [error] [exception.CHttpException.404] CHttpException: Unable to resolve the request "images/http://192.168.0.7/estimote/images/file_example_OOG_1MG.ogg". in /var/www/html/estimote/vendor/square1-io/yii-framework/web/CWebApplication.php:286
Stack trace:
#0 /var/www/html/estimote/vendor/square1-io/yii-framework/web/CWebApplication.php(141): CWebApplication->runController('images/http://1...')
#1 /var/www/html/estimote/vendor/square1-io/yii-framework/base/CApplication.php(180): CWebApplication->processRequest()
#2 /var/www/html/estimote/index.php(13): CApplication->run()
#3 {main}
REQUEST_URI=/estimote/index.php/images/http://192.168.0.7/estimote/images/file_example_OOG_1MG.ogg
HTTP_REFERER=http://192.168.0.7/estimote/index.php/site/
---
